----------------------------------------------------------------
Using block_header_hash from block 3049634
block_header_hash from 3049634     : cbbe711c71b599624e9b82803f485d3b83407793a068f42574afc5e72b8c8f57
Random digits from 3049634         : 71171599624982803485383407793068425745728857
Calling the dexie API... 
Call to the dexie API successful 
----------------------------------------------------------------
Remainder of previous draw added to current draw :
fb58b7de946c81a60b606b237c01a570f759bbb765d118bcd23b5f7c1a092eaf
462bd94f1586c509d250c23f220d49e8ad6e7614fb37fb3abd06d096539605d6
c856905764d1b41b235062c8f68ca1b96aadf89fa3b7dfa6fe91041491b41315
f12a1777f16484ac7758dce35c5755f971b47b96b7819d3bd043bfe18805f3fb
539a744e7aa3ffe4494da05673e3f56bafc2d913076b48630451f25d2d4bd229
7331fc5008c8154597fb9f84837bdb1c5ecee5ae3c5bf6045d8b8465bc159cad
----------------------------------------------------------------
Current draw eligible trades      : 165
Remainder eligible trades         : 6
Total eligible trades             : 171
Number of draws                   : 17
Remainder of current draw         : 1
The following puzzle hash will be included in the next draw
bd773469c6f502497a054f6455356254ccda6a4ee47c2bd13c5d4757b24fb2de
----------------------------------------------------------------
----------------------------------------------------------------
block_header_hash from 3049634    : cbbe711c71b599624e9b82803f485d3b83407793a068f42574afc5e72b8c8f57
Random digits from 3049634        : 71171599624982803485383407793068425745728857
Number of rares left to be won    : 600
Sample rejection number           : 9601
----------------------------------------------------------------
Verifying if the current block header hash provides enough random numbers...
Current max valid (sample rejected) random numbers = 36
----------------------------------------------------------------
Total single digits random numbers : 44
7-1-1-7-1-5-9-9-6-2-4-9-8-2-8-0-3-4-8-5-3-8-3-4-0-7-7-9-3-0-6-8-4-2-5-7-4-5-7-2-8-8-5-7-Total multiple digits random numbers : 36
518-572-516-560-400-597-250-99-183-481-404-235-349-486-54-139-584-541-408-478-180-594-131-307-69-85-243-26-58-175-346-258-373-329-89-458-----------------------------------------------------------------
draw,random 1,xch_address,random 2,Rare Chunk Airdropped
1,8,"Chunk #8864",xch1hgekawafhrlq94d64df6uvlt2hqc7af4rm45sv7wmh55ydjqzhzsrtk8a8,518,nft1dzu6rq06erac0h23lqc09cy48stqvhehmwwg4u6nf7jraxuwt7lq437eta
2,2,"Chunk #4881",xch1hgekawafhrlq94d64df6uvlt2hqc7af4rm45sv7wmh55ydjqzhzsrtk8a8,572,nft1zmtgqs24s0rk0h776ugesj754an37sp9pf8v3yqvg6v40pv0n4us093uvm
3,2,"Chunk #5392",xch1209dag4devs0mcvwlnxfeusze5easxlq5n2qsg4es6q2t5da3t4surykew,516,nft1tmwash673ak7zaj0zq2mt4c8n7hmq69en4fsgpz40t2xcfe2ph9s9fjefp
4,8,"Chunk #3389",xch1v02qffegvmf46u6avqkjjp32mg2gk6w7h7qqzplpgs2raf6ydrfq937u6h,560,nft1yllcswy684tcrtsvpk6z9tklrgy92zz899uzmc806fwl6a5uht2qj3uuk4
5,2,"Chunk #206",xch1qy38hjn8tta828k2wtyz8tfxw4sx84mx2wq7tnyuu328pkfc63asc2vrul,400,nft1re3nnx8spfq964q8dvgzu7fren5vdq0vffvnfk27tch3cm6wx0mqsdprm5
6,6,"Chunk #190",xch1paxck0a6f26rj093czavqnuquvmkta98c0zavtc05fjwmnt4dausdyvd6q,597,nft148rvr3quhedp5ca4vp78pkjtyjecaz5qqs8gn4xyatqakuwmydvq8kzxds
7,10,"Chunk #1392",xch1xre7zsymnjcd0asrmw2rtaemsypnnehwgy5u9xghyes87rles2fq3gv96x,250,nft1yv3rkddnv2c9may0mf8ytxxlfxfgh2svks3qxt7k5kese55em8jsfl5yxr
8,10,"Chunk #710",xch18jlxuhy4aj6zdvfq05lqepz37zgezqqrw9uj8pcje5jknrdfkffqk0sade,99,nft1fgjycss93tsuprp6cxlxulzcnlhjl4aus70plp7gkyzfxzxysufsvcxr0p
9,7,"Chunk #2666",xch1ch5hsm4vfdn85u3xl67j4mewjugqm6n6jlzhtj3pv3jh2sv9l0nq6xgfxy,183,nft1234emdmps0sfp2xrqq0nvyrc6ur3ds49vqty692z5zpl93kn8xwskykkmt
10,3,"Chunk #3832",xch1slktxtcw6jtselp46mgndw09dpsztt67eupzjyj6a0e5j3m5vltsyteye5,481,nft1rd2ednnwnpp74rm0xkdzer3p4mezf8z9hf4extq724rya7aaq0qqhx8m8p
11,5,"Chunk #331",xch1pkgt8nj6xgyxcp8hrcg4nnvyz2jzk2m9ud3x85hxf68hepck4nqqy7hahk,404,nft1q2cjcw38rvhgj4f8xx5sjls59l5rq4tzvcuwejt49srsr6dxejcqjxdlgd
12,10,"Chunk #515",xch1r5dmzzel9ncyuyt454s80mevsw9f7g5p65w03q03vgh8y70jjhvsamzkqn,235,nft177ts6r3qmj3wde3uuuejvg63zam0cfaxvu5c6r99sdvra23jct9q3yu4gh
13,9,"Chunk #4748",xch184qsfy80clszywkpvk2zg645kzk7s0735djn5j2jmaewlv0r752qxe6mv0,349,nft1mucqmrk97nmwgp55kk45rml0d26lw58448vdhnyqkjq54ypafwesh048rn
14,3,"Chunk #5406",xch10m6d20vr9w508qq2q9cuapemkfj22094klyjqs0a8ysewj30cjrss8hp5v,486,nft1nxslejdn68vpjgr0ajuxs5m5hr84k5ljj4yqwv80u08mzxgqz95qrkpmmt
15,9,"Chunk #2044",xch1hgekawafhrlq94d64df6uvlt2hqc7af4rm45sv7wmh55ydjqzhzsrtk8a8,54,nft1uh9y287ccggt02f3996edwuq7wfc9yuj3t64fr2rzvplyuz433zsx35ylz
16,1,"Chunk #5364",xch1kcmsxhxf86mn3y0taemzan6rr6v439cs5l7fsl73urws87hcy0msp58223,139,nft1etz3ez2v3lzsfrgrvmhaay5ryalu7kmy0m2487plwd2ahw98qzxsf7r0j2
17,4,"Chunk #29",xch166xc9ta2t8zfevddv7emvl2fkm6r2prayrj749d25dp9awuzay5q757wq5,584,nft1yhgpj0drug047e6n2nma3zzdphkqrsyjvu79kxv8cxlmfvtgzd6s7zjl4z
----------------------------------------------------------------
----------------------------------------------------------------
