----------------------------------------------------------------
Using block_header_hash from block 3436706
block_header_hash from 3436706     : ea29a7ec372ba64f5483048c9be7daaa205a0c483aece5ac63b6688fb68e07a5
Random digits from 3436706         : 297372645483048972050483563668868075
Calling the dexie API... 
Call to the dexie API successful 
----------------------------------------------------------------
Remainder of previous draw added to current draw :
4af1b0b5f15340bf5f29de26af2f159b0a94d279e4a9ea9ba653d6ad53f627ed
80c705f3977542a98f58c1d60e2a605ea27d39600d2c6b2eabe9b683b083f6b5
2e2278e60852cb11bde20bebca13f035248e37601ba358e24bfc57adcd6381dd
8daadeb7700fbfb5f77db8ca3751171ac9713f11c396298a879a850a2ca1888a
abfc6012a947ec1d2687b4bdcae6857ab8d2c2d420d2953d82a5bea2b31b797b
21ead68ca2466f863f280943374594ebae80e10a2244dcd30b106d6f03ba6f1c
69257d4a8614402609f12e4cfb95d618f03969c8260d3f8f6c71214d82f1849b
235a7a49c84900d698e521f7dfeda3f661753762c3414ad9ab7ec00e1252aa8a
----------------------------------------------------------------
Current draw eligible trades      : 5
Remainder eligible trades         : 8
Total eligible trades             : 13
Number of draws                   : 1
Remainder of current draw         : 3
The following puzzle hash will be included in the next draw
64bb9b0d13b4669caec8e045ccbe4e9ed5176250a247d4db6554650e94c37e50
0d1346309ad74c21972e4121235cd113a0a0f1a1a262512757cb583980982b15
5b835c3591ef9f98d4f8e85c539bd524db0b6e7d7e00d26b4832b7e905f42b60
----------------------------------------------------------------
----------------------------------------------------------------
block_header_hash from 3436706    : ea29a7ec372ba64f5483048c9be7daaa205a0c483aece5ac63b6688fb68e07a5
Random digits from 3436706        : 297372645483048972050483563668868075
Number of rares left to be won    : 275
Sample rejection number           : 9901
----------------------------------------------------------------
Verifying if the current block header hash provides enough random numbers...
Current max valid (sample rejected) random numbers = 31
----------------------------------------------------------------
Total single digits random numbers : 36
2-9-7-3-7-2-6-4-5-4-8-3-0-4-8-9-7-2-0-5-0-4-8-3-5-6-3-6-6-8-8-6-8-0-7-5-Total multiple digits random numbers : 31
224-113-223-152-115-171-130-149-259-156-55-24-215-173-96-56-126-230-99-209-161-107-264-137-42-94-89-12-69-208-101-----------------------------------------------------------------
draw,random 1,xch_address,random 2,Rare Chunk Airdropped
1,3,"Chunk #1104",xch1lmykzafeqjlaqhg63lfv4x0etx9w87lzm3zv3v80jpr7zm2haknsftt3c8,224,nft186twjnv0ah94j747z5eqn0ev3m65p3ehk5ygf6wamkle4nleepdshthmpt
----------------------------------------------------------------
