----------------------------------------------------------------
Using block_header_hash from block 3178658
block_header_hash from 3178658     : 95ee69b452e0160943aae90332394aa71b4d8f0d0448b31218de40918edf2e1b
Random digits from 3178658         : 9569452016094390332394714800448312184091821
Calling the dexie API... 
Call to the dexie API successful 
----------------------------------------------------------------
Remainder of previous draw added to current draw :
b6a1567b0623cc9dcb48ba5f5b0820a0cf63507b7318e3aebf1fa1fabcde9fc8
9a3b0d918c317cd10c37e258810db0223dd6f995e004b72c9aa365390bc1d3d5
eefeeba2f1461805cb53f6a37c85618fa52742c615f5c7a0b91978d87bc9eb78
69763d152fad4294e80991470878a00191e64279064c0be856efe347f90ad3c8
b39e8db3d9b0b72a80dd62b6cd7a6e8bc1940109b5facf7b1193cc2e868f33ed
7d5a6dabda6665184e040d965a2e006be64419aba615e6e51b33bec85796254c
bf917f84bf5d4ce3f515c3c2f4196a4e2867b565406c727a88c9a831473baec2
b102050f5ad5a69fca01d45803c8c368f91724e07b9b9ab305b6dde199eca07b
e4ef1442c29171268db70a10f76015dc29150ad4c3e9f387056fd43d692028a6
----------------------------------------------------------------
Current draw eligible trades      : 169
Remainder eligible trades         : 9
Total eligible trades             : 178
Number of draws                   : 17
Remainder of current draw         : 8
The following puzzle hash will be included in the next draw
5dc800ef257ae5337087b83cc14127438358761e1cc7ece132cefe4b1265a6db
2e5d32ef6b8e2823a2dc3cc538ad6b25f0141ce3fca727939c893b3d1c07aa9b
f0aca78f0404a678a34038d7269c9b9fb7a841dec34f260e4c52a96456cbf436
ad6c9a9bdb476c09a488b0eeb070bf1be5a577e59d40573d2a9e34cf3e67c7af
b86bc5f0f0c6aab8d379de1142890003d50eda01344ec652efabaf87cac152ba
f26947fcb4855f46ab7840763c39bcdd1b7f5a4d9d7a053817fea055cffc2e6b
1ebcb716ba75f4c930e21f12e83f0434d34d44ec8e81e9e5492be5cf8bffeb5b
2012aaf28a6c37d728de842e95afc64a4b476924f8a3f51f8bc34b93dbfbffd8
----------------------------------------------------------------
----------------------------------------------------------------
block_header_hash from 3178658    : 95ee69b452e0160943aae90332394aa71b4d8f0d0448b31218de40918edf2e1b
Random digits from 3178658        : 9569452016094390332394714800448312184091821
Number of rares left to be won    : 428
Sample rejection number           : 9845
----------------------------------------------------------------
Verifying if the current block header hash provides enough random numbers...
Current max valid (sample rejected) random numbers = 38
----------------------------------------------------------------
Total single digits random numbers : 43
9-5-6-9-4-5-2-0-1-6-0-9-4-3-9-0-3-3-2-3-9-4-7-1-4-8-0-0-4-4-8-3-1-2-1-8-4-0-9-1-8-2-1-Total multiple digits random numbers : 38
154-131-98-37-241-66-305-161-326-103-88-24-111-52-46-333-328-244-255-96-56-7-301-197-93-45-21-204-124-181-126-363-129-278-240-63-195-110-----------------------------------------------------------------
draw,random 1,xch_address,random 2,Rare Chunk Airdropped
1,10,"Chunk #7176",xch16fefv88vwwhr5qzet8neetjmaz8s7xrh2k3fyka9fwh8nkjwpgkq400s2r,154,nft1n9a6afmugsd7mlhs6f454zrvf2f549nvcdryfkkkw2qdcq8lawlqjlvhe0
2,6,"Chunk #9021",xch1zmsuevjw85344mkqm8ua4rhtgwmp4vmgu4srvgt8wtuyqtda4rdqhkztvu,131,nft1pu9cr6293kgqe7ax2zuq0dkuy786pjvqh0dtyuw2mdlhgdk3djyq9t4a5h
3,7,"Chunk #628",xch1xcs96gj3xzg44348fvvjq2hgs98df0yy5h0ussa388rukea9t2uqv5uldh,98,nft1lewcn4se3vxrs9g9pep48fmeqzf8ctwscas5pufkv9k7y5ff5dtqazr456
4,10,"Chunk #233",xch1hq60eze7k2cpjn0gg5frs4trg6z9dgwmn7cq8mk9eypcj2jgtxus45gzuk,37,nft1q4p99vtpcakc20rpff4765qxzjzneeykvwtszryufhj2ndnazljspr4c8x
5,5,"Chunk #7017",xch1hq60eze7k2cpjn0gg5frs4trg6z9dgwmn7cq8mk9eypcj2jgtxus45gzuk,241,nft1jj680t5ayz8pxfkuudu75rexutf2yehjqw90mshp82hy5ggkl4ns98t0fc
6,6,"Chunk #4530",xch1a6kneflvc95qhhu3dyulzrm4xz0hdctjshw94l4psgvz6906vp5q8upsdq,66,nft1ms5r2v4lnna6xfnt40y0mlcyfwdlm2zk4khxhazu3uhltaqwzt3slztvdv
7,3,"Chunk #6376",xch1df3vc8ufnfd8djua2gvfn4lrt0fxupc5w8peg6d3lgghzfhq2k3quh5uv8,305,nft1r8u86s7dht5at3kzpn425z847h2ud329q79w8ze44wnnny7l3kms7wl02t
8,1,"Chunk #4065",xch1xdzvgar33ptstdqkevf3nw9rlse7r8a6z3t3u8zhccshv4efcj9syjhl5c,161,nft1eutex6wzcwjm2gkjgcflazs3mml2l9l65a3mp2432wmqhuta5cssyg0e2u
9,2,"Chunk #5288",xch12sjv7e9952t6ymnvtav5l00h80rpn3wmxmm4h6ctdrprcejshmvstt6x8t,326,nft18x7anyl8jqqp8as56chsh27952wjfzuvffj73xz2cwh2mp2eaftq2mv3rs
10,7,"Chunk #5177",xch1asr7zqa6v39780ya05stp7teumydpmt8zegxzm36qyedam5uyehs0x6ahl,103,nft1kh2ehs0905ayfqvgxck56an55kpe6tpx0lnjn85cu59gyam593rsel4vrn
11,1,"Chunk #8021",xch1hgekawafhrlq94d64df6uvlt2hqc7af4rm45sv7wmh55ydjqzhzsrtk8a8,88,nft15qfvekjlsxgk42gefemjt2uzj62gmx43sqwqu7mh57kek7gukjgsm05vdy
12,10,"Chunk #5107",xch1hgekawafhrlq94d64df6uvlt2hqc7af4rm45sv7wmh55ydjqzhzsrtk8a8,24,nft1vuaevn2uqjzcpxeww5tae3f43n9d34hpvzd4cs5jqpcq4y8evt0q5d825e
13,5,"Chunk #6032",xch1frfw995n7xzvqehprxjhzm90sfe2m0csr7rxu6k79vkay9jx2xpsqu8t5e,111,nft18lklrh7vwg8zncvgu3wr5hjhctkwxlzstc4ce2f5yfyp9fz2d57sx9j9tq
14,4,"Chunk #9486",xch1gpxy87htpjej27j0r33uca3qz77llyrvs9yhyq5ycqur4jxdnufqulnu2d,52,nft1gn0sfzkcyznq8wyt4wrepcfp7uwhz24fpzewnssd9u6svt78z3nqjq2en0
15,10,"Chunk #9802",xch1xvqyrd2tlmzyqn0gcx8gfnq83ag6juks38mu55ngwz02x5z0erwsmy5y7s,46,nft1dykwee2r62g5lhf5chc88elc3hylwsxn356c7lewhhck4jpps85q95nhun
16,1,"Chunk #6189",xch1n6s5cycak9kj7mla82zd5ket63g6zq5wm8v8dmjypn9rutq9yf0qcnqhnp,333,nft1f4adh6jrpwxde3knfhyrut8xhjnnhvd5g94st62ah5gzsk5vp6ssgsreq9
17,4,"Chunk #8247",xch1583aflkallzf7yzrt03tkdt2px6v6nkcvd27pg8v6uyhf2qhrjwss0r2et,328,nft1qa8pnntjuz5hqfgstksunp0vaq7mvehxcmqhznnxf7wxu7hc0meqw70s09
----------------------------------------------------------------
----------------------------------------------------------------
