----------------------------------------------------------------
Using block_header_hash from block 3597986
block_header_hash from 3597986     : 41bb314e5f2d98ad10ef7c08673d775d9b3d84368e49e416e2d90077e6d42b89
Random digits from 3597986         : 4131452981070867377593843684941629007764289
Calling the dexie API... 
Call to the dexie API successful 
----------------------------------------------------------------
Remainder of previous draw added to current draw :
0d52669f12f6c8480213fb22401d2b969a8301b145adec00b5be6451f291c428
57b7c46271202d05c34e394ec2b6ad64ef2b7552cc94a23a87c6e458df2bfa58
f3cb121d17e9284210c764b6d77590bf736af8378db479d59d0971a34b40b6cb
d526c255b6e6bd7f68e9fdf1b67bbf52b245b01ae144d859aaa0bec3911ca674
a9380e9b7555cadf30f75218ffd5a50837c8950f795363771d64cb84e3fe9a24
51a042adf9b3ecd53031a83b802d90c11a4fa30cf805c0d844b51ec42be03dba
7b2ac91834a10c0aec1c3037dbf2ac32fbf859f86dea37f9cdc52b88bf677164
783e02389ce9018bcaddce7635ca977a74afdb7d26e19eebe1bd7f883e59cab2
16d23e5aa74badaf12562408a8399f313ba5d93d2ea99bc9b00d9260c557664b
----------------------------------------------------------------
Current draw eligible trades      : 2
Remainder eligible trades         : 9
Total eligible trades             : 11
Number of draws                   : 1
Remainder of current draw         : 1
The following puzzle hash will be included in the next draw
f65fd1bd6d77dae5d08c667ccc6adf143732d1820f5e0bda567d2c8428f029c5
----------------------------------------------------------------
----------------------------------------------------------------
block_header_hash from 3597986    : 41bb314e5f2d98ad10ef7c08673d775d9b3d84368e49e416e2d90077e6d42b89
Random digits from 3597986        : 4131452981070867377593843684941629007764289
Number of rares left to be won    : 267
Sample rejection number           : 9880
----------------------------------------------------------------
Verifying if the current block header hash provides enough random numbers...
Current max valid (sample rejected) random numbers = 38
----------------------------------------------------------------
Total single digits random numbers : 43
4-1-3-1-4-5-2-9-8-1-0-7-0-8-6-7-3-7-7-5-9-3-8-4-3-6-8-4-9-4-1-6-2-9-0-0-7-7-6-4-2-8-9-Total multiple digits random numbers : 38
127-247-209-118-258-226-45-199-98-3-175-145-67-130-63-169-38-17-65-40-106-160-97-214-218-136-72-158-28-150-231-197-78-243-22-167-21-18-----------------------------------------------------------------
draw,random 1,xch_address,random 2,Rare Chunk Airdropped
1,5,"Chunk #2842",xch1jw4cus88ljuxc6pzlwmuaqun2cyde3lj4lvmdwrr99ndc9q4y53qeqq3n8,127,nft1axftvexma2rywpvza6wcuc7ww5w37afhjxpaax04zn34fvxpyftsg7ys2s
----------------------------------------------------------------
