----------------------------------------------------------------
Using block_header_hash from block 3823778
block_header_hash from 3823778     : edd2bd546e0e211fac628f7976124ef5e5de3666ba591ae1961678e5cdb816f8
Random digits from 3823778         : 254602116287976124553666591196167858168
Calling the dexie API... 
Call to the dexie API successful 
----------------------------------------------------------------
Remainder of previous draw added to current draw :
91d5b17dd3a044bf0cb0b0fe75a8ae567c897163a168e7ac3c6670283a9d90c3
----------------------------------------------------------------
Current draw eligible trades      : 7
Remainder eligible trades         : 1
Total eligible trades             : 8
Number of draws                   : 0
Remainder of current draw         : 8
The following puzzle hash will be included in the next draw
8fb278dbec1e0acd380f0dfb4a23b7affd3071bdf3a820b2c5e086f79981784f
2b1b14e14d4f448d958e67dcd28fa84692474b038db67b4d28d8c92a99d06db6
557c42f9db0913f979fdfce25f4d844ea528b2512c5bffc24ce9ec598a41dacf
9fe90604fca9380775e0cf047844c1b74c8344a16121eb60ce798026a1369461
65c3a05896328333766096010c47671d1f1bf88c23eaeb4c9e4246bac659c8d7
c34fbd6dea0959787c933f4cf5f11ebd2a504ede1414cc473aaf44622cd100ba
6baa9823ffc2428e5262afe60e3f625529d86b0416be9e3d77c9d780d5c0ab51
91d5b17dd3a044bf0cb0b0fe75a8ae567c897163a168e7ac3c6670283a9d90c3
----------------------------------------------------------------
