----------------------------------------------------------------
Using block_header_hash from block 4049570
block_header_hash from 4049570     : cda391c1e1f42b9c19648d26418f175e69e1b50190d1b6986ec82a578f49e1e5
Random digits from 4049570         : 3911142919648264181756915019016986825784915
Calling the dexie API... 
Call to the dexie API successful 
----------------------------------------------------------------
Remainder of previous draw added to current draw :
0bd614ac8e036e1eab6d6c6e9e02b0567536d877b54f252738d69d7ff19613ca
e106bdd33fcbaa4ac5d19d4c2c2723569ae8b5090f792d7655c541b2c8232ffa
e3469c60d3157676a8295f143e1507a7390ba202e217dc0c44d8c801ef99d049
f2996cdcc741c63d4459b56af22bee273a015275bb915615a7b20c21878d6979
dacd3f3504cdc343c56d099f60ae8585eb3171feb8081ee6f147f1dafeb19081
49b6db53a6020bfdf32d799267dfe6525b5c80b2aed49e97690f18a98f060cdf
----------------------------------------------------------------
Current draw eligible trades      : 106
Remainder eligible trades         : 6
Total eligible trades             : 112
Number of draws                   : 11
Remainder of current draw         : 2
The following puzzle hash will be included in the next draw
07b033b3609740e37b93a2d2b762fa191bacd590f98411567526fbd1fb960c6a
96d15796a0bbf6912cdc1eda6f041222124d83ea1f1d50f1cdba1f2f7f60c436
----------------------------------------------------------------
----------------------------------------------------------------
block_header_hash from 4049570    : cda391c1e1f42b9c19648d26418f175e69e1b50190d1b6986ec82a578f49e1e5
Random digits from 4049570        : 3911142919648264181756915019016986825784915
Number of rares left to be won    : 180
Sample rejection number           : 9901
----------------------------------------------------------------
Verifying if the current block header hash provides enough random numbers...
Current max valid (sample rejected) random numbers = 34
----------------------------------------------------------------
Total single digits random numbers : 43
3-9-1-1-1-4-2-9-1-9-6-4-8-2-6-4-1-8-1-7-5-6-9-1-5-0-1-9-0-1-6-9-8-6-8-2-5-7-8-4-9-1-5-Total multiple digits random numbers : 34
132-112-35-63-170-152-40-17-165-109-3-147-122-119-42-18-76-137-10-151-62-160-11-102-79-149-43-166-158-59-25-110-32-56-----------------------------------------------------------------
draw,random 1,xch_address,random 2,Rare Chunk Airdropped
1,4,"Chunk #304",xch1yfal9nueyk5j6uzkjyuk0kcftxw3kxagfng6w0l4u5rm94s70qxsemv6uu,132,nft13nuy37ckgt4aamf8s5y3zar9hfx3xnw9cq82333n9r6dtukreyhqcdut6g
2,10,"Chunk #8611",xch1m7fja3twzzvwla6smsdv4rcyfjrf8zvjep44p224x5wlxks3xkdstuwnhm,112,nft1vg674t48cupkxa7ajqpgjksldwkjqeft9yq4alagckfjtr25u05q8vwq5m
3,2,"Chunk #9904",xch1kz6rqlzgvjgktvesc43v4z953eksvj5cmv24fs7mmdtkg4lr42eq8fnzxu,35,nft1wmxvsm3ldvqajy507h5jdy424yqlx8vn5xvlnkw6dx50qtq8jjmssqudqe
4,2,"Chunk #1799",xch1u46slv0t2p7wl0ycn2swvmnxkplctkr26366hunxv5vhww0jemqq2vmhpk,63,nft16v08vc22wll8gqfdj00h25hmly86md2l8w3k3pmsg3tlgw389eesz7yy5k
5,2,"Chunk #6913",xch15tfw8mewg6v05kn6p5eq54x9jzzzfe7qww36m9v6trde64z97fdqnklevk,170,nft1zas3njdt73368kf5pe3rp76n5gxljvqe7376uxz5kvfj7086sr3qlsqu0j
6,5,"Chunk #3228",xch1nwhg7e804agjz0kgp5pq2ec6clx6vkagdrvea2q09xelxgxrrdlqzltssm,152,nft1tdz6et890pqvaqw7ad3z09udhcaysz6ynhvywfxl3k72rf07ccxqmm8leh
7,3,"Chunk #6130",xch10v8qr7arf9lllpc4vaw33cfw4s8fr0y97yy3jal08mukryac5zhqv93wvf,40,nft1auke95ksvne0d5wvqddth2qhuv5hz7fjra3xm8vmwwukjw06eqzq7ksja0
8,10,"Chunk #2352",xch1wn79xcumk73u8qkrxq9wfp9kdqe570rtzdx09c7qxusqmrxmm70q9v7nlk,17,nft15233hdyk4270yv64jgaf6z6vtg2tfc7nxhypf4se6x3vj8nzg2qswulrjw
9,2,"Chunk #1657",xch1u9zdmp2a7a579tg5ejxpd4hg2463vfqp24ul7v5ckmwwdjpr77vsl2mf9g,165,nft1l7ev457ej4w7yynly783phgkdvrv4rlveyew80qxk9v9jqu8qwesj8fxss
10,10,"Chunk #3159",xch1kusc4exwpachtqypmex2tfm50sk6qppsccpnhl46mgjw92766g6sx8q8c7,109,nft14gmu0lgp80e9nrsjzthup4ug7c3cven5l77j0ffg5y5ezl94ucjsd7rh3m
11,7,"Chunk #7644",xch16rcvs6mhjkxnudy6uclr8nm03n4w843ud9vjg4k5uzgdlkeslynqzfsawp,3,nft1202t2yjlsf3rvdsyzdhu2xckf07njasrvvxw9ukyac7gyt64wcaqvz5p5v
----------------------------------------------------------------
----------------------------------------------------------------
