----------------------------------------------------------------
Using block_header_hash from block 3017378
block_header_hash from 3017378     : 2c737b3d68a134a37a8ac53539bda205a4a8f8467f3df24ef8943285230a8c33
Random digits from 3017378         : 2737368134378535392054884673248943285230833
Calling the dexie API... 
Call to the dexie API successful 
----------------------------------------------------------------
Remainder of previous draw added to current draw :
   No remainder in previous draw
----------------------------------------------------------------
Current draw eligible trades      : 196
Remainder eligible trades         : 
Total eligible trades             : 196
Number of draws                   : 19
Remainder of current draw         : 6
The following puzzle hash will be included in the next draw
fb58b7de946c81a60b606b237c01a570f759bbb765d118bcd23b5f7c1a092eaf
462bd94f1586c509d250c23f220d49e8ad6e7614fb37fb3abd06d096539605d6
c856905764d1b41b235062c8f68ca1b96aadf89fa3b7dfa6fe91041491b41315
f12a1777f16484ac7758dce35c5755f971b47b96b7819d3bd043bfe18805f3fb
539a744e7aa3ffe4494da05673e3f56bafc2d913076b48630451f25d2d4bd229
7331fc5008c8154597fb9f84837bdb1c5ecee5ae3c5bf6045d8b8465bc159cad
----------------------------------------------------------------
----------------------------------------------------------------
block_header_hash from 3017378    : 2c737b3d68a134a37a8ac53539bda205a4a8f8467f3df24ef8943285230a8c33
Random digits from 3017378        : 2737368134378535392054884673248943285230833
Number of rares left to be won    : 619
Sample rejection number           : 9905
----------------------------------------------------------------
Verifying if the current block header hash provides enough random numbers...
Current max valid (sample rejected) random numbers = 40
----------------------------------------------------------------
Total single digits random numbers : 43
2-7-3-7-3-6-8-1-3-4-3-7-8-5-3-5-3-9-2-0-5-4-8-8-4-6-7-3-2-4-8-9-4-3-2-8-5-2-3-0-8-3-3-Total multiple digits random numbers : 40
262-565-23-560-587-5-88-106-343-46-72-426-489-402-445-441-207-540-198-549-537-552-181-421-341-543-516-154-14-562-278-148-615-191-377-477-279-452-608-215-----------------------------------------------------------------
draw,random 1,xch_address,random 2,Rare Chunk Airdropped
1,3,"Chunk #7011",xch1wtwuj7muj4xxggca2qcmze6xgdgzy6yt3me3rmm735fmsz0ejwqsvjqurw,262,nft1u5ap4g3vfzaw64e4pptvlm5rg2l07l24zste4rduj50h49twqzmsxhl5s5
2,8,"Chunk #8709",xch1pww4rv7fw5glrsquz280mx2h60xc94nw04e9wfvzjtcdu3kkhems83jmqw,565,nft1adc0g0trmthpw2yhwd5rkuuvka05z8n9ts07x4j4mg39g43dme3se4zngm
3,4,"Chunk #220",xch1e4fzk4shpufvxteq4vattqkymc8382zdr2kdeskfcvxxgwzwxezsg7fjw5,23,nft17amcyhjzqq8mcrrz9kea3mgmcjy2qlspqwd2z6fycxwkmyqhrdvsptcvxf
4,8,"Chunk #7204",xch1ta4drygn9uvtcfsj5zjgcaxrp2ctfv34wsmt0pgwpfjhx9vrq0dqaurgt3,560,nft17d249r6x3m4p3ug30xj9k3y5k5ek0lf6nduae9tvcc79puh6f3vstzca7r
5,4,"Chunk #1522",xch16rcvs6mhjkxnudy6uclr8nm03n4w843ud9vjg4k5uzgdlkeslynqzfsawp,587,nft1ew3rkz92gq8nyf87pasapqspr4yvzp0ek7lufh5d56jqcp63eztqdp5v3k
6,7,"Chunk #6411",xch16rcvs6mhjkxnudy6uclr8nm03n4w843ud9vjg4k5uzgdlkeslynqzfsawp,5,nft10gu2kcn4w6vsd63ahha25sp34r7k6klgvkhhk0lc2rcf06c0hzgq5trsxu
7,9,"Chunk #3821",xch1jyvm84j0snquc6933qpzq9e2j09vr8pnfedn66kc20cyts7nu2dsxrv4qh,88,nft1t2n2jrvdsrk03mlxkxy5uryt2w369r3wx36ez4vv7nqqall0ectqghuclm
8,2,"Chunk #7801",xch1xr3kzd4g6dtx80t99h98wzhhgcz9anvm782rqlvyvlyktyar5hkseqypx9,106,nft13kftpd7qgnneagdhxqsfjnqw08ce30t9wla9pnrg7d2vyyassgtstg430p
9,4,"Chunk #8570",xch10xs58vl3xgtfhd3hnky2l0pu6djwyraje0yd9tttmwf09fwqhfzqdcefg4,343,nft1lmkzcy3ks8f6zf2pggp69lhr3kecgy8na9ysm88ccvz4x770mwpst67nrg
10,5,"Chunk #9800",xch1ne4hwq5h6sv7j2vfhm86wljjt2nerw3rqe4n3ktzkg7n7upymzqsgplnun,46,nft16ywvwvdp6jaqfsh4a4cd8z3zanm4l08jfaey0xlh5z8j67wgw70sw3h43t
11,4,"Chunk #940",xch1ztmlzwykv5w4w54jac3rchrt0d09u4f533z7c85jm3yc980hxgqsfpx38z,72,nft1ndegmfzge9mj20zaxat9ayknudatcqp38hy7jxaflejqvpv3fadsx2k6cz
12,8,"Chunk #4815",xch1n95tgu6gtswk0jkqhra46sfzgkceqfl8ezwsw4tga0yh6e984veq2zghqw,426,nft1gljq8003smlvwyguksudlsl0r8y3y6c0p9h9regy46t2l4fjg02s3w0fma
13,9,"Chunk #9958",xch16ke0mdrvjxq6m27hq8vx9zzjy0d5gq2a8u73mvgxuuxqu8f4v2wqdqc4m0,489,nft1a5920p2j866kjzv4f6d5c9ptz3ky8ledlcv649yylf04j829tjjsaxsjjz
14,6,"Chunk #5282",xch1cnsc7e2mv8g2hcev58fnphd80usymzrfgxqehe77yhfg2am7vkfqf0nw4q,402,nft129z3yx0k9emhmzmxtwm3w69yhrdmsumf087xgrswfgf3tahcs2yqjk2cn2
15,4,"Chunk #5284",xch1f3z56rqu8sxxygpfxmavg80y3tlt79ux9s37j2yy8nfrrxtqc0vqxusw3q,445,nft1s2r6tlr9qccgk3w265767est5xlrg9lng3hszpteca7yx525r4cq6xazuq
16,6,"Chunk #3925",xch18y08pmujxgnyr5djylj77fh9fmlhhnyytuwhwalxplmgdg4w5nwsak9zjd,441,nft1apvsx30g4f5alfw4u5pjvdfsum0mnlejfz8jvpyh0kazkasacu0sp4nsd0
17,4,"Chunk #4194",xch132hsjsrrh68l7avuzqk3kn96qzwc5z7fsgxqqknpp0dtyqe7jtgq34zhxc,207,nft1a3sqgss4gljzyc3p6uxm4duhvc0uvuncxu9w7jtkzkjfunpg5zvqh0jdue
18,10,"Chunk #8314",xch132hsjsrrh68l7avuzqk3kn96qzwc5z7fsgxqqknpp0dtyqe7jtgq34zhxc,540,nft12qgf02gnqy3hp3mgrdsrck0m2cekcvgwtlsxt73f8achxcnqgrvsx2tjfn
19,3,"Chunk #1068",xch17s5rr5atwf7p7sqykxlgfum6h76fz3e67shnlwp5rc29wpfmyx5q9w27hl,198,nft16l5jw407pnhhkd7zyaavssmxltgsnvl8hxnamnldazq3nv2vc0mqjhqds6
----------------------------------------------------------------
----------------------------------------------------------------
