----------------------------------------------------------------
Using block_header_hash from block 3339938
block_header_hash from 3339938     : 87f0c4df09b33f1b7399488bd9e3eeec2fc420f360ad4cde910661491aab806e
Random digits from 3339938         : 87040933173994889324203604910661491806
Calling the dexie API... 
Call to the dexie API successful 
----------------------------------------------------------------
Remainder of previous draw added to current draw :
cc48b551ee96b173b91f55efb4a728089d6337f8a6120b3b0428578e8872cb2b
77f5091b005f5c4f182367562399348006b6560265f19e0308260f317500a429
8144a51d95a0dc30b304020759e81669abe18a61eeaf63a85198aa4222fdb324
325b5168b77b7aaf91b50223233afa78640e0446c88a1a60592d10d13cdd92ce
----------------------------------------------------------------
Current draw eligible trades      : 91
Remainder eligible trades         : 4
Total eligible trades             : 95
Number of draws                   : 9
Remainder of current draw         : 5
The following puzzle hash will be included in the next draw
a1d6a268fcc3873b6989d72b7f5831d456293cb9e13a28b800a843e35f35a809
5b7aee5363ed55396d4b8f4e7fee1f55e939e93c46befdf6eee320ffd3bcccf5
a5517a10c383dd2a1801da34ffffb5f8af7014f90b8aad2334bfa4598fc82083
6a09c935913c0f868b9e0c5ae331baa7eca66c89ed9655371f87d3a435bb66b8
6cb15d393331e5b14a95e8d34e3efedf810f082f065b5f3152ee6f03473d41ea
----------------------------------------------------------------
----------------------------------------------------------------
block_header_hash from 3339938    : 87f0c4df09b33f1b7399488bd9e3eeec2fc420f360ad4cde910661491aab806e
Random digits from 3339938        : 87040933173994889324203604910661491806
Number of rares left to be won    : 290
Sample rejection number           : 9861
----------------------------------------------------------------
Verifying if the current block header hash provides enough random numbers...
Current max valid (sample rejected) random numbers = 33
----------------------------------------------------------------
Total single digits random numbers : 38
8-7-0-4-0-9-3-3-1-7-3-9-9-4-8-8-9-3-2-4-2-0-3-6-0-4-9-1-0-6-6-1-4-9-1-8-0-6-Total multiple digits random numbers : 33
5-81-120-34-64-52-128-274-290-150-225-209-250-194-233-45-53-101-144-7-71-125-202-271-117-197-82-235-60-42-279-191-67-----------------------------------------------------------------
draw,random 1,xch_address,random 2,Rare Chunk Airdropped
1,9,"Chunk #5596",xch1q5slj6w3ju5q5g3vzuwh8n3gr5hwur6z7hn3v4mqqkm7688wawsqfn7dad,5,nft1vj59rthglk6tezxvs234xuqm3lmn8v04rhkqyhj9qnzkt2kckxusu572eq
2,8,"Chunk #9424",xch1v5dh0t7ug85yd7wyp3qf2vywnx0f2hmv6fr2xzv8205q4sdmwynqpaewpa,81,nft16n4zgdwm4pnazqxq9rwsr9frnz7qmka3pqhyp3zvkv25d2qclzlqflru5d
3,1,"Chunk #5310",xch12us2e5wf98knvrmlwcyxnqujax04rfypc4vgj9z7l53309xgwt8s3vvzr2,120,nft19vvxcrxfw9jmam72s8tmels2r9nd2z8k2n8jtthags22evruf4rqsg3zjf
4,5,"Chunk #2176",xch1rvh6z94wv6u6alm50p3e5q99fj5js8kjjftlrhvs6xv9h8c9lwvqjxrfy5,34,nft1lv7y0vlzdr4tkk6u05gd3j2r7pwex5n57wptkc4yxejkam02744qyrsetv
5,1,"Chunk #1671",xch1yghdp68jn6guyt97fpnkjdq0gvs0fagcd2rwu77nuxsg5a844cusl8qma5,64,nft1enp6jgwjfuxhxxnxu3m5c92acykyw6l330nj9w7sxsreel5nt76qgfavus
6,10,"Chunk #8408",xch1s482qnzvre25c6stcjehvjl5x3a4dj03h6k29cgzrwv7kk2f6yqsjlk365,52,nft1t47t6gn9we9zzvct772kmqpt2fdv66gw2yqpj3c82ynlv8uk67yqt65vtu
7,4,"Chunk #6239",xch15qfmxd5xq6s55jueld6ndr5h4qkrw2v6lake3k7f9pv098wgvzzqfvlgj7,128,nft1syejyrsa64zmg20t3p56wd7ju9xmqzw0jcek86t0852yqhq3mxysfuy8ka
8,4,"Chunk #3355",xch1q5slj6w3ju5q5g3vzuwh8n3gr5hwur6z7hn3v4mqqkm7688wawsqfn7dad,274,nft1p0rz3z69g6y5kd6ecq6apumzhj33emf6ftnqm94h07nj4239xy5qd95nym
9,2,"Chunk #7232",xch1xeklkpsptynkqfyzmjga2gnkms7ld2ne3nyavcw5w40ngghv5umqft2vdp,290,nft1zqvsuchm62pew44yrt4h7c32g2uqk5xahs5pq5dva7gcv7kk0wesza6vm5
----------------------------------------------------------------
