----------------------------------------------------------------
Using block_header_hash from block 3565730
block_header_hash from 3565730     : b84cc3241f2718b2d7469acff64674081fa26e1e9d7299b8f8e5bdf9d59bdd93
Random digits from 3565730         : 843241271827469646740812619729988595993
Calling the dexie API... 
Call to the dexie API successful 
----------------------------------------------------------------
Remainder of previous draw added to current draw :
f3cb121d17e9284210c764b6d77590bf736af8378db479d59d0971a34b40b6cb
d526c255b6e6bd7f68e9fdf1b67bbf52b245b01ae144d859aaa0bec3911ca674
a9380e9b7555cadf30f75218ffd5a50837c8950f795363771d64cb84e3fe9a24
51a042adf9b3ecd53031a83b802d90c11a4fa30cf805c0d844b51ec42be03dba
7b2ac91834a10c0aec1c3037dbf2ac32fbf859f86dea37f9cdc52b88bf677164
783e02389ce9018bcaddce7635ca977a74afdb7d26e19eebe1bd7f883e59cab2
16d23e5aa74badaf12562408a8399f313ba5d93d2ea99bc9b00d9260c557664b
----------------------------------------------------------------
Current draw eligible trades      : 2
Remainder eligible trades         : 7
Total eligible trades             : 9
Number of draws                   : 0
Remainder of current draw         : 9
The following puzzle hash will be included in the next draw
0d52669f12f6c8480213fb22401d2b969a8301b145adec00b5be6451f291c428
57b7c46271202d05c34e394ec2b6ad64ef2b7552cc94a23a87c6e458df2bfa58
f3cb121d17e9284210c764b6d77590bf736af8378db479d59d0971a34b40b6cb
d526c255b6e6bd7f68e9fdf1b67bbf52b245b01ae144d859aaa0bec3911ca674
a9380e9b7555cadf30f75218ffd5a50837c8950f795363771d64cb84e3fe9a24
51a042adf9b3ecd53031a83b802d90c11a4fa30cf805c0d844b51ec42be03dba
7b2ac91834a10c0aec1c3037dbf2ac32fbf859f86dea37f9cdc52b88bf677164
783e02389ce9018bcaddce7635ca977a74afdb7d26e19eebe1bd7f883e59cab2
16d23e5aa74badaf12562408a8399f313ba5d93d2ea99bc9b00d9260c557664b
----------------------------------------------------------------
