----------------------------------------------------------------
Using block_header_hash from block 3985058
block_header_hash from 3985058     : f2f64db2bd7bd367f1290e4c24b715cf6fa35879adfa1cb17065657ec8c1c350
Random digits from 3985058         : 26427367129042471563587911706565781350
Calling the dexie API... 
Call to the dexie API successful 
----------------------------------------------------------------
Remainder of previous draw added to current draw :
74404ed5c720f5dbd0b3e871d2c3b1f11f15bdeb79c88e668cab1aa92349e903
811df3ce24bfe4f480950002dca8b3e607530b67d4146259c384c103920c390b
837a1e777fc45c8f2d39ee48c4bba8905f228b50ec043d0ee469e5c372e7cc0f
b7b2d2303ee73ee25f2497b7b59d2bf701ed255816841742b2466620b1c56669
c8172eedce319442e9a75363c34e287deeed2985e6660fd8a628234a9149a6f2
98dde5918ddbe44114f9a34f37f706a1d97fbc36cc8d27b0280c289b67c977ad
bf2b3bb04d4f90289648f39ef6bac7db6ec635cead3f3ba7fb174bf4cea9ef05
----------------------------------------------------------------
Current draw eligible trades      : 56
Remainder eligible trades         : 7
Total eligible trades             : 63
Number of draws                   : 6
Remainder of current draw         : 3
The following puzzle hash will be included in the next draw
d12f937ffeccf7b03815ab5e5b33ef48bc92531d8cc160d918b56ab80b0e2362
9051933dc449d0b82b704b3d6884640523c261eb8496ef3415de46367fd21218
869cd1d8a965baa7d941dd3c933850a329f4973e8e4316dd976e4005eeba3058
----------------------------------------------------------------
----------------------------------------------------------------
block_header_hash from 3985058    : f2f64db2bd7bd367f1290e4c24b715cf6fa35879adfa1cb17065657ec8c1c350
Random digits from 3985058        : 26427367129042471563587911706565781350
Number of rares left to be won    : 190
Sample rejection number           : 9881
----------------------------------------------------------------
Verifying if the current block header hash provides enough random numbers...
Current max valid (sample rejected) random numbers = 33
----------------------------------------------------------------
Total single digits random numbers : 38
2-6-4-2-7-3-6-7-1-2-9-0-4-2-4-7-1-5-6-3-5-8-7-9-1-1-7-0-6-5-6-5-7-8-1-3-5-0-Total multiple digits random numbers : 33
173-158-94-77-148-62-63-100-151-55-113-45-68-2-156-127-44-126-89-168-180-52-122-188-31-187-36-87-106-119-82-24-21-----------------------------------------------------------------
draw,random 1,xch_address,random 2,Rare Chunk Airdropped
1,3,"Chunk #2063",xch1m00y6c3glx8y3al85n8l8l2l7jm8q0mak7jdt8cmr8mv4zygfs4s68phzl,173,nft1ajpqf6vmqyfm4skv6wdmusw3jxtyvss5ankg2m6thl87slj3hyts2ztw8y
2,7,"Chunk #4177",xch1f8q36eempg0xucs3v3vf5sd9vmwq8u9cjgd2g9x23jnp89smeneqvyu7s9,158,nft18sdheqmzmfd0ud0myjef0etwtpelug37vfnkwhyssl0grupqxgdq34n0pl
3,5,"Chunk #2562",xch1vh6sp0hgh3hec9m28klkkyknugysugrjqpuj6lpwpart5d7yjcks0204eq,94,nft1fexxjmmys4v8g5gzhfq04s5qcxcr24jmqf3mcsfzvue3lrvw73kssn7pwe
4,3,"Chunk #5581",xch1puwr6mdly2dcap8u0lgqgt3ewv5fe4t094lxpnd4m734nd6vxfjq8s6mra,77,nft14906n9n8aeeewwje2dhya74xnlm7x5mmd8yv4jmetxrq98xrgxwsr22sh2
5,8,"Chunk #834",xch1e5chec8aq6wywgmzcxuzlwycx02g9v0fzqpt72fmqggvscz9jfhqwalvz4,148,nft1fhcm3c03juq0hquyunwaseu3vz3qhsem94f74xc5nwd3su22ff6sttze6c
6,4,"Chunk #5158",xch1k2c6c2wx26gpr0mnxy68edft6numw0cpuqy4ff7vlrafyntj4dssysphfy,62,nft1shpj8urydfqkye8qdnrp7lvk4xpqj8s3vzq5gtxkvrwf7qfgfhsqnhjw02
----------------------------------------------------------------
----------------------------------------------------------------
