----------------------------------------------------------------
Using block_header_hash from block 3468962
block_header_hash from 3468962     : 56ac3073b9b2a545199d4e82c1c4e6612eba5a7b28fcd58fc88689ef94ce2a77
Random digits from 3468962         : 563073925451994821466125728588868994277
Calling the dexie API... 
Call to the dexie API successful 
----------------------------------------------------------------
Remainder of previous draw added to current draw :
64bb9b0d13b4669caec8e045ccbe4e9ed5176250a247d4db6554650e94c37e50
0d1346309ad74c21972e4121235cd113a0a0f1a1a262512757cb583980982b15
5b835c3591ef9f98d4f8e85c539bd524db0b6e7d7e00d26b4832b7e905f42b60
----------------------------------------------------------------
Current draw eligible trades      : 2
Remainder eligible trades         : 3
Total eligible trades             : 5
Number of draws                   : 0
Remainder of current draw         : 5
The following puzzle hash will be included in the next draw
e807a31a9372d13841bfbac3984f0c93153a2156bc704e671a0db350814676ad
4abd4edec060e597098991cc3ff9542b0363009089a2fb472bf5f3a6932809a6
64bb9b0d13b4669caec8e045ccbe4e9ed5176250a247d4db6554650e94c37e50
0d1346309ad74c21972e4121235cd113a0a0f1a1a262512757cb583980982b15
5b835c3591ef9f98d4f8e85c539bd524db0b6e7d7e00d26b4832b7e905f42b60
----------------------------------------------------------------
----------------------------------------------------------------
----------------------------------------------------------------
