----------------------------------------------------------------
Using block_header_hash from block 3920546
block_header_hash from 3920546     : 0102bac9a40bae247602518683ef7978d5497db3ca5e32f54a4bcd17044b26ad
Random digits from 3920546         : 01029402476025186837978549735325441704426
Calling the dexie API... 
Call to the dexie API successful 
----------------------------------------------------------------
Remainder of previous draw added to current draw :
b6a0f016d513b2e410d6535ca45311d8916bc014b54663a6e02b905b5ca6c045
034addc062a3d043f3510c1d97bc2759d72600e0d0af7eada464539cccc16b79
02e885df96aeeacdae7742f6c337c8c5f2e6601cdff6600ab4f47b13c72db59e
024429d626d44a4415dcb4efc434583bbad2cd374ae6477523a12ede1ad1fc31
----------------------------------------------------------------
Current draw eligible trades      : 2
Remainder eligible trades         : 4
Total eligible trades             : 6
Number of draws                   : 0
Remainder of current draw         : 6
The following puzzle hash will be included in the next draw
33d9ba28e9ba6efe1fad1cb1a9bb0974e9c7ff7dcf112d5a90e78f50d8d4df80
44588e51ad7a9dc3e17a778eab52a191b2fe322d72389c28ad5b767311264445
b6a0f016d513b2e410d6535ca45311d8916bc014b54663a6e02b905b5ca6c045
034addc062a3d043f3510c1d97bc2759d72600e0d0af7eada464539cccc16b79
02e885df96aeeacdae7742f6c337c8c5f2e6601cdff6600ab4f47b13c72db59e
024429d626d44a4415dcb4efc434583bbad2cd374ae6477523a12ede1ad1fc31
----------------------------------------------------------------
